#
# A fatal error has been detected by the Java Runtime Environment:
#
#  EXCEPTION_ACCESS_VIOLATION (0xc0000005) at pc=0x00007ffc451dd29a, pid=13560, tid=10456
#
# JRE version: Java(TM) SE Runtime Environment (18.0.2+9) (build 18.0.2+9-61)
# Java VM: Java HotSpot(TM) 64-Bit Server VM (18.0.2+9-61, mixed mode, sharing, tiered, compressed oops, compressed class ptrs, g1 gc, windows-amd64)
# Problematic frame:
# V  [jvm.dll+0x62d29a]
#
# No core dump will be written. Minidumps are not enabled by default on client versions of Windows
#
# If you would like to submit a bug report, please visit:
#   https://bugreport.java.com/bugreport/crash.jsp
#

---------------  S U M M A R Y ------------

Command Line: -Dfile.encoding=UTF-8 -XX:+ShowCodeDetailsInExceptionMessages com.greatlearning.library.SpringBootLibraryDesignApplication

Host: Intel(R) Core(TM) i5-8250U CPU @ 1.60GHz, 8 cores, 7G,  Windows 11 , 64 bit Build 22621 (10.0.22621.755)
Time: Fri Jan 20 10:46:11 2023 India Standard Time elapsed time: 16.664015 seconds (0d 0h 0m 16s)

---------------  T H R E A D  ---------------

Current thread (0x000001cb59fbaec0):  JavaThread "C2 CompilerThread0" daemon [_thread_in_native, id=10456, stack(0x0000005d02900000,0x0000005d02a00000)]


Current CompileTask:
C2:  16664 5902 % !   4       sun.net.www.ParseUtil::decode @ 70 (317 bytes)

Stack: [0x0000005d02900000,0x0000005d02a00000],  sp=0x0000005d029fb630,  free space=1005k
Native frames: (J=compiled Java code, j=interpreted, Vv=VM code, C=native code)
V  [jvm.dll+0x62d29a]
V  [jvm.dll+0x62b5b4]
V  [jvm.dll+0x22fdc8]
V  [jvm.dll+0x22f321]
V  [jvm.dll+0x1ba01c]
V  [jvm.dll+0x23ec9a]
V  [jvm.dll+0x23cf85]
V  [jvm.dll+0x7a6e21]
V  [jvm.dll+0x7a125a]
V  [jvm.dll+0x698275]
C  [ucrtbase.dll+0x29363]
C  [KERNEL32.DLL+0x1244d]
C  [ntdll.dll+0x5dfb8]


siginfo: EXCEPTION_ACCESS_VIOLATION (0xc0000005), reading address 0x0000000000004028


Register to memory mapping:

RIP=0x00007ffc451dd29a jvm.dll
RAX=0x000001cb63cdd810 points into unknown readable memory: 0x0000000000004000 | 00 40 00 00 00 00 00 00
RBX=0x0000000000004000 is an unknown value
RCX=0x0000000000000279 is an unknown value
RDX=0x000001cb5e480d88 points into unknown readable memory: 0x1009a2196a99b364 | 64 b3 99 6a 19 a2 09 10
RSP=0x0000005d029fb630 is pointing into the stack for thread: 0x000001cb59fbaec0
RBP=0x0000005d029fb678 is pointing into the stack for thread: 0x000001cb59fbaec0
RSI=0xfffffffffffffff8 is an unknown value
RDI=0x0000000000004000 is an unknown value
R8 =0x000001cb5ef10c58 points into unknown readable memory: 0x00007ffc45492e50 | 50 2e 49 45 fc 7f 00 00
R9 =0x000001cb63e4c580 points into unknown readable memory: 0x0000000000000000 | 00 00 00 00 00 00 00 00
R10=0x0000005d029fe230 is pointing into the stack for thread: 0x000001cb59fbaec0
R11=0x0 is NULL
R12=0x0 is NULL
R13=0x0000005d029fba60 is pointing into the stack for thread: 0x000001cb59fbaec0
R14=0x000000000000001d is an unknown value
R15=0x000001cb5ef10c58 points into unknown readable memory: 0x00007ffc45492e50 | 50 2e 49 45 fc 7f 00 00


Registers:
RAX=0x000001cb63cdd810, RBX=0x0000000000004000, RCX=0x0000000000000279, RDX=0x000001cb5e480d88
RSP=0x0000005d029fb630, RBP=0x0000005d029fb678, RSI=0xfffffffffffffff8, RDI=0x0000000000004000
R8 =0x000001cb5ef10c58, R9 =0x000001cb63e4c580, R10=0x0000005d029fe230, R11=0x0000000000000000
R12=0x0000000000000000, R13=0x0000005d029fba60, R14=0x000000000000001d, R15=0x000001cb5ef10c58
RIP=0x00007ffc451dd29a, EFLAGS=0x0000000000010206

Top of Stack: (sp=0x0000005d029fb630)
0x0000005d029fb630:   000001cb6068ace0 0000005d029fb678
0x0000005d029fb640:   fffffffffffffff8 0000000000000000
0x0000005d029fb650:   000001cb63cdd810 000001cb63d02760
0x0000005d029fb660:   000001cb63cdd020 000001cb59fa6830
0x0000005d029fb670:   0000005d029fe4d0 0000000000000000
0x0000005d029fb680:   0000000000000000 0000005d029fba60
0x0000005d029fb690:   0000005d029fb720 00007ffc451db5b4
0x0000005d029fb6a0:   0000000000000010 0000000000000e41
0x0000005d029fb6b0:   0000000000000010 000001cb60ad4128
0x0000005d029fb6c0:   0000000000100000 0000000000000000
0x0000005d029fb6d0:   0000000000000000 0000000000000000
0x0000005d029fb6e0:   0000000000000000 0000000000000000
0x0000005d029fb6f0:   0000000000000000 0000000000000000
0x0000005d029fb700:   0000000000000000 0000000000000000
0x0000005d029fb710:   0000000000000000 0000000000000000
0x0000005d029fb720:   0000000000000000 0000005d029fe230 

Instructions: (pc=0x00007ffc451dd29a)
0x00007ffc451dd19a:   4d 8b c5 48 8b d3 ff 90 b8 00 00 00 48 8b f8 48
0x00007ffc451dd1aa:   8b 40 08 48 83 38 00 74 1b 4c 8b c3 48 8b d7 49
0x00007ffc451dd1ba:   8b cd e8 5f 9a ff ff eb 0b 48 8b cb e8 35 99 04
0x00007ffc451dd1ca:   00 48 8b f8 8b 73 28 41 3b 75 28 72 0b 8b d6 49
0x00007ffc451dd1da:   8d 4d 20 e8 de ac 04 00 49 8b 45 30 48 89 3c f0
0x00007ffc451dd1ea:   49 8b 95 48 0a 00 00 48 85 d2 0f 84 96 00 00 00
0x00007ffc451dd1fa:   44 8b 4b 28 4d 8b 55 10 41 8b c9 c1 f9 08 3b 0a
0x00007ffc451dd20a:   0f 89 80 00 00 00 48 8b 52 08 4c 63 c1 41 0f b6
0x00007ffc451dd21a:   c9 4a 8b 04 c2 4c 8d 34 c8 4d 85 f6 74 68 4d 8b
0x00007ffc451dd22a:   0e 4d 85 c9 74 60 44 8b 67 28 49 8b 9a 00 03 00
0x00007ffc451dd23a:   00 41 8b f4 c1 fe 08 48 85 db 75 04 33 c0 eb 02
0x00007ffc451dd24a:   8b 03 44 8b c6 44 2b c0 78 11 41 ff c0 48 8b d3
0x00007ffc451dd25a:   49 8b ca e8 fe 93 c0 ff 4d 8b 0e 48 85 db 75 08
0x00007ffc451dd26a:   45 33 e4 41 8b c4 eb 16 48 8b 53 08 41 0f b6 cc
0x00007ffc451dd27a:   45 33 e4 4c 63 c6 4a 8b 04 c2 48 8d 04 c8 4d 85
0x00007ffc451dd28a:   c9 74 03 4c 89 08 48 8b 45 d8 48 8b df 48 89 38
0x00007ffc451dd29a:   44 8b 73 28 41 8b fe c1 ef 05 41 3b bd b8 09 00
0x00007ffc451dd2aa:   00 72 0e 8b d7 49 8d 8d b8 09 00 00 e8 95 11 1b
0x00007ffc451dd2ba:   00 49 8b 85 c0 09 00 00 41 83 e6 1f 48 8d 14 b8
0x00007ffc451dd2ca:   41 0f b6 ce 41 b8 01 00 00 00 41 d3 e0 8b 0a 41
0x00007ffc451dd2da:   8b c0 0b c1 89 02 44 85 c1 0f 85 52 03 00 00 41
0x00007ffc451dd2ea:   8b 7f 18 41 3b 7f 1c 73 6f 0f 1f 40 00 66 0f 1f
0x00007ffc451dd2fa:   84 00 00 00 00 00 49 8b 47 08 8b cf 48 8b 34 c8
0x00007ffc451dd30a:   48 85 f6 74 53 48 8b 4d d8 48 83 c1 10 48 89 4d
0x00007ffc451dd31a:   d8 48 8d 41 10 48 3b 45 e0 72 0d 48 8d 4d d8 e8
0x00007ffc451dd32a:   22 ac 04 00 48 8b 4d d8 48 89 19 ff c7 48 8b 45
0x00007ffc451dd33a:   d8 c7 40 08 ff ff ff ff 48 8b 45 d8 48 83 c0 10
0x00007ffc451dd34a:   48 89 45 d8 48 89 30 48 8b 45 d8 c7 40 08 01 00
0x00007ffc451dd35a:   00 00 41 3b 7f 1c 72 9e 8b 7b 1c 8b 73 18 ff cf
0x00007ffc451dd36a:   3b fe 0f 82 86 00 00 00 48 8b 43 08 48 8b 34 f8
0x00007ffc451dd37a:   48 85 f6 74 6c 49 8b 4d 10 48 8b d6 48 81 c1 70
0x00007ffc451dd38a:   02 00 00 e8 de ba a8 ff 84 c0 75 55 8b d7 48 8b 


Stack slot to memory mapping:
stack at sp + 0 slots: 0x000001cb6068ace0 points into unknown readable memory: 0x00007ffc45424348 | 48 43 42 45 fc 7f 00 00
stack at sp + 1 slots: 0x0000005d029fb678 is pointing into the stack for thread: 0x000001cb59fbaec0
stack at sp + 2 slots: 0xfffffffffffffff8 is an unknown value
stack at sp + 3 slots: 0x0 is NULL
stack at sp + 4 slots: 0x000001cb63cdd810 points into unknown readable memory: 0x0000000000004000 | 00 40 00 00 00 00 00 00
stack at sp + 5 slots: 0x000001cb63d02760 points into unknown readable memory: 0x7475706e492f6f69 | 69 6f 2f 49 6e 70 75 74
stack at sp + 6 slots: 0x000001cb63cdd020 points into unknown readable memory: 0x0000000000000000 | 00 00 00 00 00 00 00 00
stack at sp + 7 slots: 0x000001cb59fa6830 points into unknown readable memory: 0x0000000000000007 | 07 00 00 00 00 00 00 00


---------------  P R O C E S S  ---------------

Threads class SMR info:
_java_thread_list=0x000001cb5f6a61f0, length=33, elements={
0x000001cb59f8d040, 0x000001cb59f8d9e0, 0x000001cb59fa77a0, 0x000001cb59faa760,
0x000001cb59fab100, 0x000001cb59fae7f0, 0x000001cb59fbaec0, 0x000001cb59fbdcd0,
0x000001cb59fc71d0, 0x000001cb5e4bd7c0, 0x000001cb5e4c4b20, 0x000001cb5f675930,
0x000001cb5f6767a0, 0x000001cb608e9550, 0x000001cb608e6a00, 0x000001cb608eca40,
0x000001cb608e6060, 0x000001cb608ed8b0, 0x000001cb608e6ed0, 0x000001cb608e86e0,
0x000001cb608ec570, 0x000001cb608e73a0, 0x000001cb608ead60, 0x000001cb608e9ef0,
0x000001cb608ea3c0, 0x000001cb608ed3e0, 0x000001cb608eb230, 0x000001cb608ea890,
0x000001cb608eb700, 0x000001cb608ecf10, 0x000001cb608e7870, 0x000001cb5f012450,
0x000001cb62144820
}

Java Threads: ( => current thread )
  0x000001cb59f8d040 JavaThread "Reference Handler" daemon [_thread_blocked, id=12788, stack(0x0000005d02300000,0x0000005d02400000)]
  0x000001cb59f8d9e0 JavaThread "Finalizer" daemon [_thread_blocked, id=6824, stack(0x0000005d02400000,0x0000005d02500000)]
  0x000001cb59fa77a0 JavaThread "Signal Dispatcher" daemon [_thread_blocked, id=11544, stack(0x0000005d02500000,0x0000005d02600000)]
  0x000001cb59faa760 JavaThread "Attach Listener" daemon [_thread_blocked, id=11340, stack(0x0000005d02600000,0x0000005d02700000)]
  0x000001cb59fab100 JavaThread "Service Thread" daemon [_thread_blocked, id=8340, stack(0x0000005d02700000,0x0000005d02800000)]
  0x000001cb59fae7f0 JavaThread "Monitor Deflation Thread" daemon [_thread_blocked, id=11284, stack(0x0000005d02800000,0x0000005d02900000)]
=>0x000001cb59fbaec0 JavaThread "C2 CompilerThread0" daemon [_thread_in_native, id=10456, stack(0x0000005d02900000,0x0000005d02a00000)]
  0x000001cb59fbdcd0 JavaThread "C1 CompilerThread0" daemon [_thread_blocked, id=4332, stack(0x0000005d02a00000,0x0000005d02b00000)]
  0x000001cb59fc71d0 JavaThread "Sweeper thread" daemon [_thread_blocked, id=7164, stack(0x0000005d02b00000,0x0000005d02c00000)]
  0x000001cb5e4bd7c0 JavaThread "Notification Thread" daemon [_thread_blocked, id=4404, stack(0x0000005d02c00000,0x0000005d02d00000)]
  0x000001cb5e4c4b20 JavaThread "Common-Cleaner" daemon [_thread_blocked, id=8696, stack(0x0000005d02e00000,0x0000005d02f00000)]
  0x000001cb5f675930 JavaThread "HikariPool-1 housekeeper" daemon [_thread_blocked, id=12400, stack(0x0000005d03800000,0x0000005d03900000)]
  0x000001cb5f6767a0 JavaThread "Catalina-utility-1" [_thread_blocked, id=1732, stack(0x0000005d03d00000,0x0000005d03e00000)]
  0x000001cb608e9550 JavaThread "Catalina-utility-2" [_thread_blocked, id=13912, stack(0x0000005d03e00000,0x0000005d03f00000)]
  0x000001cb608e6a00 JavaThread "container-0" [_thread_blocked, id=2168, stack(0x0000005d03f00000,0x0000005d04000000)]
  0x000001cb608eca40 JavaThread "Live Reload Server" daemon [_thread_in_native, id=11220, stack(0x0000005d04100000,0x0000005d04200000)]
  0x000001cb608e6060 JavaThread "File Watcher" daemon [_thread_blocked, id=4508, stack(0x0000005d04000000,0x0000005d04100000)]
  0x000001cb608ed8b0 JavaThread "http-nio-8082-BlockPoller" daemon [_thread_in_native, id=3492, stack(0x0000005d04200000,0x0000005d04300000)]
  0x000001cb608e6ed0 JavaThread "http-nio-8082-exec-1" daemon [_thread_blocked, id=10056, stack(0x0000005d04300000,0x0000005d04400000)]
  0x000001cb608e86e0 JavaThread "http-nio-8082-exec-2" daemon [_thread_blocked, id=14000, stack(0x0000005d04400000,0x0000005d04500000)]
  0x000001cb608ec570 JavaThread "http-nio-8082-exec-3" daemon [_thread_blocked, id=3972, stack(0x0000005d04500000,0x0000005d04600000)]
  0x000001cb608e73a0 JavaThread "http-nio-8082-exec-4" daemon [_thread_blocked, id=11312, stack(0x0000005d04600000,0x0000005d04700000)]
  0x000001cb608ead60 JavaThread "http-nio-8082-exec-5" daemon [_thread_blocked, id=12368, stack(0x0000005d04700000,0x0000005d04800000)]
  0x000001cb608e9ef0 JavaThread "http-nio-8082-exec-6" daemon [_thread_blocked, id=12372, stack(0x0000005d04800000,0x0000005d04900000)]
  0x000001cb608ea3c0 JavaThread "http-nio-8082-exec-7" daemon [_thread_blocked, id=13076, stack(0x0000005d04900000,0x0000005d04a00000)]
  0x000001cb608ed3e0 JavaThread "http-nio-8082-exec-8" daemon [_thread_blocked, id=12844, stack(0x0000005d04a00000,0x0000005d04b00000)]
  0x000001cb608eb230 JavaThread "http-nio-8082-exec-9" daemon [_thread_blocked, id=12420, stack(0x0000005d04b00000,0x0000005d04c00000)]
  0x000001cb608ea890 JavaThread "http-nio-8082-exec-10" daemon [_thread_blocked, id=12712, stack(0x0000005d04c00000,0x0000005d04d00000)]
  0x000001cb608eb700 JavaThread "http-nio-8082-ClientPoller" daemon [_thread_in_native, id=12716, stack(0x0000005d03c00000,0x0000005d03d00000)]
  0x000001cb608ecf10 JavaThread "http-nio-8082-Acceptor" daemon [_thread_in_native, id=6468, stack(0x0000005d04d00000,0x0000005d04e00000)]
  0x000001cb608e7870 JavaThread "DestroyJavaVM" [_thread_blocked, id=7920, stack(0x0000005d01c00000,0x0000005d01d00000)]
  0x000001cb5f012450 JavaThread "C2 CompilerThread1" daemon [_thread_blocked, id=10348, stack(0x0000005d02f00000,0x0000005d03000000)]
  0x000001cb62144820 JavaThread "C2 CompilerThread2" daemon [_thread_blocked, id=1828, stack(0x0000005d03000000,0x0000005d03100000)]

Other Threads:
  0x000001cb59f8a7e0 VMThread "VM Thread" [stack: 0x0000005d02200000,0x0000005d02300000] [id=13124]
  0x000001cb5e4bf0c0 WatcherThread "VM Periodic Task Thread" [stack: 0x0000005d02d00000,0x0000005d02e00000] [id=4808]
  0x000001cb3be613b0 WorkerThread "GC Thread#0" [stack: 0x0000005d01d00000,0x0000005d01e00000] [id=11640]
  0x000001cb5eed9460 WorkerThread "GC Thread#1" [stack: 0x0000005d03200000,0x0000005d03300000] [id=13012]
  0x000001cb5effd750 WorkerThread "GC Thread#2" [stack: 0x0000005d03300000,0x0000005d03400000] [id=7316]
  0x000001cb5effd9f0 WorkerThread "GC Thread#3" [stack: 0x0000005d03400000,0x0000005d03500000] [id=5696]
  0x000001cb5f059110 WorkerThread "GC Thread#4" [stack: 0x0000005d03500000,0x0000005d03600000] [id=10492]
  0x000001cb5f0e6660 WorkerThread "GC Thread#5" [stack: 0x0000005d03600000,0x0000005d03700000] [id=5072]
  0x000001cb5effbc70 WorkerThread "GC Thread#6" [stack: 0x0000005d03700000,0x0000005d03800000] [id=4804]
  0x000001cb5f0752a0 WorkerThread "GC Thread#7" [stack: 0x0000005d03900000,0x0000005d03a00000] [id=6744]
  0x000001cb3be71f20 ConcurrentGCThread "G1 Main Marker" [stack: 0x0000005d01e00000,0x0000005d01f00000] [id=9748]
  0x000001cb3be73110 WorkerThread "G1 Conc#0" [stack: 0x0000005d01f00000,0x0000005d02000000] [id=9708]
  0x000001cb61d49ed0 WorkerThread "G1 Conc#1" [stack: 0x0000005d03a00000,0x0000005d03b00000] [id=1596]
  0x000001cb59e41100 ConcurrentGCThread "G1 Refine#0" [stack: 0x0000005d02000000,0x0000005d02100000] [id=5800]
  0x000001cb59e41a10 ConcurrentGCThread "G1 Service" [stack: 0x0000005d02100000,0x0000005d02200000] [id=13648]

Threads with active compile tasks:
C2 CompilerThread0    16881 5902 % !   4       sun.net.www.ParseUtil::decode @ 70 (317 bytes)

VM state: not at safepoint (normal execution)

VM Mutex/Monitor currently owned by a thread: None

Heap address: 0x0000000081600000, size: 2026 MB, Compressed Oops mode: 32-bit

CDS archive(s) mapped at: [0x0000000800000000-0x0000000800ba0000-0x0000000800ba0000), size 12189696, SharedBaseAddress: 0x0000000800000000, ArchiveRelocationMode: 0.
Compressed class space mapped at: 0x0000000800c00000-0x0000000840c00000, reserved size: 1073741824
Narrow klass base: 0x0000000800000000, Narrow klass shift: 0, Narrow klass range: 0x100000000

GC Precious Log:
 CardTable entry size: 512
 Card Set container configuration: InlinePtr #cards 5 size 8 Array Of Cards #cards 12 size 40 Howl #buckets 4 coarsen threshold 1843 Howl Bitmap #cards 512 size 80 coarsen threshold 460 Card regions per heap region 1 cards per card region 2048
 CPUs: 8 total, 8 available
 Memory: 8101M
 Large Page Support: Disabled
 NUMA Support: Disabled
 Compressed Oops: Enabled (32-bit)
 Heap Region Size: 1M
 Heap Min Capacity: 8M
 Heap Initial Capacity: 128M
 Heap Max Capacity: 2026M
 Pre-touch: Disabled
 Parallel Workers: 8
 Concurrent Workers: 2
 Concurrent Refinement Workers: 8
 Periodic GC: Disabled

Heap:
 garbage-first heap   total 102400K, used 33649K [0x0000000081600000, 0x0000000100000000)
  region size 1024K, 6 young (6144K), 2 survivors (2048K)
 Metaspace       used 59706K, committed 60288K, reserved 1114112K
  class space    used 7917K, committed 8192K, reserved 1048576K

Heap Regions: E=young(eden), S=young(survivor), O=old, HS=humongous(starts), HC=humongous(continues), CS=collection set, F=free, OA=open archive, CA=closed archive, TAMS=top-at-mark-start (previous, next)
|   0|0x0000000081600000, 0x0000000081700000, 0x0000000081700000|100%|HS|  |TAMS 0x0000000081700000, 0x0000000081600000| Complete 
|   1|0x0000000081700000, 0x0000000081800000, 0x0000000081800000|100%| O|  |TAMS 0x0000000081800000, 0x0000000081700000| Untracked 
|   2|0x0000000081800000, 0x0000000081900000, 0x0000000081900000|100%| O|  |TAMS 0x0000000081900000, 0x0000000081800000| Untracked 
|   3|0x0000000081900000, 0x0000000081a00000, 0x0000000081a00000|100%| O|  |TAMS 0x0000000081a00000, 0x0000000081900000| Untracked 
|   4|0x0000000081a00000, 0x0000000081b00000, 0x0000000081b00000|100%| O|  |TAMS 0x0000000081b00000, 0x0000000081a00000| Untracked 
|   5|0x0000000081b00000, 0x0000000081c00000, 0x0000000081c00000|100%| O|  |TAMS 0x0000000081c00000, 0x0000000081b00000| Untracked 
|   6|0x0000000081c00000, 0x0000000081d00000, 0x0000000081d00000|100%| O|  |TAMS 0x0000000081d00000, 0x0000000081c00000| Untracked 
|   7|0x0000000081d00000, 0x0000000081e00000, 0x0000000081e00000|100%| O|  |TAMS 0x0000000081e00000, 0x0000000081d00000| Untracked 
|   8|0x0000000081e00000, 0x0000000081f00000, 0x0000000081f00000|100%| O|  |TAMS 0x0000000081f00000, 0x0000000081e00000| Untracked 
|   9|0x0000000081f00000, 0x0000000082000000, 0x0000000082000000|100%| O|  |TAMS 0x0000000082000000, 0x0000000081f00000| Untracked 
|  10|0x0000000082000000, 0x0000000082100000, 0x0000000082100000|100%| O|  |TAMS 0x0000000082100000, 0x0000000082000000| Untracked 
|  11|0x0000000082100000, 0x0000000082200000, 0x0000000082200000|100%| O|  |TAMS 0x0000000082200000, 0x0000000082100000| Untracked 
|  12|0x0000000082200000, 0x0000000082300000, 0x0000000082300000|100%| O|  |TAMS 0x0000000082300000, 0x0000000082200000| Complete 
|  13|0x0000000082300000, 0x0000000082400000, 0x0000000082400000|100%| O|  |TAMS 0x0000000082400000, 0x0000000082300000| Untracked 
|  14|0x0000000082400000, 0x0000000082500000, 0x0000000082500000|100%| O|  |TAMS 0x0000000082500000, 0x0000000082400000| Untracked 
|  15|0x0000000082500000, 0x0000000082600000, 0x0000000082600000|100%| O|  |TAMS 0x0000000082600000, 0x0000000082500000| Untracked 
|  16|0x0000000082600000, 0x0000000082700000, 0x0000000082700000|100%| O|  |TAMS 0x0000000082700000, 0x0000000082600000| Untracked 
|  17|0x0000000082700000, 0x0000000082800000, 0x0000000082800000|100%| O|  |TAMS 0x0000000082800000, 0x0000000082700000| Untracked 
|  18|0x0000000082800000, 0x0000000082900000, 0x0000000082900000|100%| O|  |TAMS 0x0000000082900000, 0x0000000082800000| Untracked 
|  19|0x0000000082900000, 0x0000000082a00000, 0x0000000082a00000|100%| O|  |TAMS 0x0000000082a00000, 0x0000000082900000| Untracked 
|  20|0x0000000082a00000, 0x0000000082b00000, 0x0000000082b00000|100%| O|  |TAMS 0x0000000082b00000, 0x0000000082a00000| Untracked 
|  21|0x0000000082b00000, 0x0000000082c00000, 0x0000000082c00000|100%| O|  |TAMS 0x0000000082c00000, 0x0000000082b00000| Untracked 
|  22|0x0000000082c00000, 0x0000000082d00000, 0x0000000082d00000|100%| O|  |TAMS 0x0000000082d00000, 0x0000000082c00000| Untracked 
|  23|0x0000000082d00000, 0x0000000082e00000, 0x0000000082e00000|100%| O|  |TAMS 0x0000000082e00000, 0x0000000082d00000| Untracked 
|  24|0x0000000082e00000, 0x0000000082f00000, 0x0000000082f00000|100%| O|  |TAMS 0x0000000082f00000, 0x0000000082e00000| Untracked 
|  25|0x0000000082f00000, 0x0000000083000000, 0x0000000083000000|100%| O|  |TAMS 0x0000000083000000, 0x0000000082f00000| Untracked 
|  26|0x0000000083000000, 0x0000000083100000, 0x0000000083100000|100%| O|  |TAMS 0x00000000830e1a00, 0x0000000083000000| Untracked 
|  27|0x0000000083100000, 0x0000000083200000, 0x0000000083200000|100%| O|  |TAMS 0x0000000083100000, 0x0000000083100000| Untracked 
|  28|0x0000000083200000, 0x0000000083214800, 0x0000000083300000|  8%| O|  |TAMS 0x0000000083200000, 0x0000000083200000| Untracked 
|  29|0x0000000083300000, 0x0000000083300000, 0x0000000083400000|  0%| F|  |TAMS 0x0000000083300000, 0x0000000083300000| Untracked 
|  30|0x0000000083400000, 0x0000000083400000, 0x0000000083500000|  0%| F|  |TAMS 0x0000000083400000, 0x0000000083400000| Untracked 
|  31|0x0000000083500000, 0x0000000083500000, 0x0000000083600000|  0%| F|  |TAMS 0x0000000083500000, 0x0000000083500000| Untracked 
|  32|0x0000000083600000, 0x0000000083600000, 0x0000000083700000|  0%| F|  |TAMS 0x0000000083600000, 0x0000000083600000| Untracked 
|  33|0x0000000083700000, 0x0000000083700000, 0x0000000083800000|  0%| F|  |TAMS 0x0000000083700000, 0x0000000083700000| Untracked 
|  34|0x0000000083800000, 0x00000000838c7d10, 0x0000000083900000| 78%| S|CS|TAMS 0x0000000083800000, 0x0000000083800000| Complete 
|  35|0x0000000083900000, 0x0000000083900000, 0x0000000083a00000|  0%| F|  |TAMS 0x0000000083900000, 0x0000000083900000| Untracked 
|  36|0x0000000083a00000, 0x0000000083a00000, 0x0000000083b00000|  0%| F|  |TAMS 0x0000000083a00000, 0x0000000083a00000| Untracked 
|  37|0x0000000083b00000, 0x0000000083c00000, 0x0000000083c00000|100%| S|CS|TAMS 0x0000000083b00000, 0x0000000083b00000| Complete 
|  38|0x0000000083c00000, 0x0000000083c00000, 0x0000000083d00000|  0%| F|  |TAMS 0x0000000083c00000, 0x0000000083c00000| Untracked 
|  39|0x0000000083d00000, 0x0000000083d00000, 0x0000000083e00000|  0%| F|  |TAMS 0x0000000083d00000, 0x0000000083d00000| Untracked 
|  40|0x0000000083e00000, 0x0000000083e00000, 0x0000000083f00000|  0%| F|  |TAMS 0x0000000083e00000, 0x0000000083e00000| Untracked 
|  41|0x0000000083f00000, 0x0000000083f00000, 0x0000000084000000|  0%| F|  |TAMS 0x0000000083f00000, 0x0000000083f00000| Untracked 
|  42|0x0000000084000000, 0x0000000084000000, 0x0000000084100000|  0%| F|  |TAMS 0x0000000084000000, 0x0000000084000000| Untracked 
|  43|0x0000000084100000, 0x0000000084100000, 0x0000000084200000|  0%| F|  |TAMS 0x0000000084100000, 0x0000000084100000| Untracked 
|  44|0x0000000084200000, 0x0000000084200000, 0x0000000084300000|  0%| F|  |TAMS 0x0000000084200000, 0x0000000084200000| Untracked 
|  45|0x0000000084300000, 0x0000000084300000, 0x0000000084400000|  0%| F|  |TAMS 0x0000000084300000, 0x0000000084300000| Untracked 
|  46|0x0000000084400000, 0x0000000084400000, 0x0000000084500000|  0%| F|  |TAMS 0x0000000084400000, 0x0000000084400000| Untracked 
|  47|0x0000000084500000, 0x0000000084500000, 0x0000000084600000|  0%| F|  |TAMS 0x0000000084500000, 0x0000000084500000| Untracked 
|  48|0x0000000084600000, 0x0000000084600000, 0x0000000084700000|  0%| F|  |TAMS 0x0000000084600000, 0x0000000084600000| Untracked 
|  49|0x0000000084700000, 0x0000000084700000, 0x0000000084800000|  0%| F|  |TAMS 0x0000000084700000, 0x0000000084700000| Untracked 
|  50|0x0000000084800000, 0x0000000084800000, 0x0000000084900000|  0%| F|  |TAMS 0x0000000084800000, 0x0000000084800000| Untracked 
|  51|0x0000000084900000, 0x0000000084900000, 0x0000000084a00000|  0%| F|  |TAMS 0x0000000084900000, 0x0000000084900000| Untracked 
|  52|0x0000000084a00000, 0x0000000084a00000, 0x0000000084b00000|  0%| F|  |TAMS 0x0000000084a00000, 0x0000000084a00000| Untracked 
|  53|0x0000000084b00000, 0x0000000084b00000, 0x0000000084c00000|  0%| F|  |TAMS 0x0000000084b00000, 0x0000000084b00000| Untracked 
|  54|0x0000000084c00000, 0x0000000084c00000, 0x0000000084d00000|  0%| F|  |TAMS 0x0000000084c00000, 0x0000000084c00000| Untracked 
|  55|0x0000000084d00000, 0x0000000084d00000, 0x0000000084e00000|  0%| F|  |TAMS 0x0000000084d00000, 0x0000000084d00000| Untracked 
|  56|0x0000000084e00000, 0x0000000084e00000, 0x0000000084f00000|  0%| F|  |TAMS 0x0000000084e00000, 0x0000000084e00000| Untracked 
|  57|0x0000000084f00000, 0x0000000084f00000, 0x0000000085000000|  0%| F|  |TAMS 0x0000000084f00000, 0x0000000084f00000| Untracked 
|  58|0x0000000085000000, 0x0000000085000000, 0x0000000085100000|  0%| F|  |TAMS 0x0000000085000000, 0x0000000085000000| Untracked 
|  59|0x0000000085100000, 0x0000000085100000, 0x0000000085200000|  0%| F|  |TAMS 0x0000000085100000, 0x0000000085100000| Untracked 
|  60|0x0000000085200000, 0x0000000085200000, 0x0000000085300000|  0%| F|  |TAMS 0x0000000085200000, 0x0000000085200000| Untracked 
|  61|0x0000000085300000, 0x0000000085300000, 0x0000000085400000|  0%| F|  |TAMS 0x0000000085300000, 0x0000000085300000| Untracked 
|  62|0x0000000085400000, 0x0000000085400000, 0x0000000085500000|  0%| F|  |TAMS 0x0000000085400000, 0x0000000085400000| Untracked 
|  63|0x0000000085500000, 0x0000000085500000, 0x0000000085600000|  0%| F|  |TAMS 0x0000000085500000, 0x0000000085500000| Untracked 
|  64|0x0000000085600000, 0x0000000085600000, 0x0000000085700000|  0%| F|  |TAMS 0x0000000085600000, 0x0000000085600000| Untracked 
|  65|0x0000000085700000, 0x0000000085700000, 0x0000000085800000|  0%| F|  |TAMS 0x0000000085700000, 0x0000000085700000| Untracked 
|  66|0x0000000085800000, 0x0000000085800000, 0x0000000085900000|  0%| F|  |TAMS 0x0000000085800000, 0x0000000085800000| Untracked 
|  67|0x0000000085900000, 0x0000000085900000, 0x0000000085a00000|  0%| F|  |TAMS 0x0000000085900000, 0x0000000085900000| Untracked 
|  68|0x0000000085a00000, 0x0000000085a00000, 0x0000000085b00000|  0%| F|  |TAMS 0x0000000085a00000, 0x0000000085a00000| Untracked 
|  69|0x0000000085b00000, 0x0000000085b00000, 0x0000000085c00000|  0%| F|  |TAMS 0x0000000085b00000, 0x0000000085b00000| Untracked 
|  70|0x0000000085c00000, 0x0000000085c00000, 0x0000000085d00000|  0%| F|  |TAMS 0x0000000085c00000, 0x0000000085c00000| Untracked 
|  71|0x0000000085d00000, 0x0000000085d00000, 0x0000000085e00000|  0%| F|  |TAMS 0x0000000085d00000, 0x0000000085d00000| Untracked 
|  72|0x0000000085e00000, 0x0000000085e00000, 0x0000000085f00000|  0%| F|  |TAMS 0x0000000085e00000, 0x0000000085e00000| Untracked 
|  73|0x0000000085f00000, 0x0000000085f00000, 0x0000000086000000|  0%| F|  |TAMS 0x0000000085f00000, 0x0000000085f00000| Untracked 
|  74|0x0000000086000000, 0x0000000086000000, 0x0000000086100000|  0%| F|  |TAMS 0x0000000086000000, 0x0000000086000000| Untracked 
|  75|0x0000000086100000, 0x0000000086100000, 0x0000000086200000|  0%| F|  |TAMS 0x0000000086100000, 0x0000000086100000| Untracked 
|  76|0x0000000086200000, 0x0000000086200000, 0x0000000086300000|  0%| F|  |TAMS 0x0000000086200000, 0x0000000086200000| Untracked 
|  77|0x0000000086300000, 0x0000000086300000, 0x0000000086400000|  0%| F|  |TAMS 0x0000000086300000, 0x0000000086300000| Untracked 
|  78|0x0000000086400000, 0x0000000086400000, 0x0000000086500000|  0%| F|  |TAMS 0x0000000086400000, 0x0000000086400000| Untracked 
|  79|0x0000000086500000, 0x0000000086500000, 0x0000000086600000|  0%| F|  |TAMS 0x0000000086500000, 0x0000000086500000| Untracked 
|  80|0x0000000086600000, 0x0000000086600000, 0x0000000086700000|  0%| F|  |TAMS 0x0000000086600000, 0x0000000086600000| Untracked 
|  81|0x0000000086700000, 0x0000000086700000, 0x0000000086800000|  0%| F|  |TAMS 0x0000000086700000, 0x0000000086700000| Untracked 
|  82|0x0000000086800000, 0x0000000086800000, 0x0000000086900000|  0%| F|  |TAMS 0x0000000086800000, 0x0000000086800000| Untracked 
|  83|0x0000000086900000, 0x0000000086900000, 0x0000000086a00000|  0%| F|  |TAMS 0x0000000086900000, 0x0000000086900000| Untracked 
|  84|0x0000000086a00000, 0x0000000086a00000, 0x0000000086b00000|  0%| F|  |TAMS 0x0000000086a00000, 0x0000000086a00000| Untracked 
|  85|0x0000000086b00000, 0x0000000086b00000, 0x0000000086c00000|  0%| F|  |TAMS 0x0000000086b00000, 0x0000000086b00000| Untracked 
|  86|0x0000000086c00000, 0x0000000086c00000, 0x0000000086d00000|  0%| F|  |TAMS 0x0000000086c00000, 0x0000000086c00000| Untracked 
|  87|0x0000000086d00000, 0x0000000086d00000, 0x0000000086e00000|  0%| F|  |TAMS 0x0000000086d00000, 0x0000000086d00000| Untracked 
|  88|0x0000000086e00000, 0x0000000086e00000, 0x0000000086f00000|  0%| F|  |TAMS 0x0000000086e00000, 0x0000000086e00000| Untracked 
|  89|0x0000000086f00000, 0x0000000086f00000, 0x0000000087000000|  0%| F|  |TAMS 0x0000000086f00000, 0x0000000086f00000| Untracked 
|  90|0x0000000087000000, 0x0000000087000000, 0x0000000087100000|  0%| F|  |TAMS 0x0000000087000000, 0x0000000087000000| Untracked 
|  91|0x0000000087100000, 0x0000000087100000, 0x0000000087200000|  0%| F|  |TAMS 0x0000000087100000, 0x0000000087100000| Untracked 
|  92|0x0000000087200000, 0x0000000087200000, 0x0000000087300000|  0%| F|  |TAMS 0x0000000087200000, 0x0000000087200000| Untracked 
|  93|0x0000000087300000, 0x0000000087300000, 0x0000000087400000|  0%| F|  |TAMS 0x0000000087300000, 0x0000000087300000| Untracked 
| 111|0x0000000088500000, 0x0000000088500000, 0x0000000088600000|  0%| F|  |TAMS 0x0000000088500000, 0x0000000088500000| Untracked 
| 112|0x0000000088600000, 0x0000000088600000, 0x0000000088700000|  0%| F|  |TAMS 0x0000000088600000, 0x0000000088600000| Untracked 
| 113|0x0000000088700000, 0x00000000887e62f8, 0x0000000088800000| 89%| E|  |TAMS 0x0000000088700000, 0x0000000088700000| Complete 
| 114|0x0000000088800000, 0x0000000088900000, 0x0000000088900000|100%| E|CS|TAMS 0x0000000088800000, 0x0000000088800000| Complete 
| 115|0x0000000088900000, 0x0000000088a00000, 0x0000000088a00000|100%| E|CS|TAMS 0x0000000088900000, 0x0000000088900000| Complete 
| 127|0x0000000089500000, 0x0000000089600000, 0x0000000089600000|100%| E|CS|TAMS 0x0000000089500000, 0x0000000089500000| Complete 

Card table byte_map: [0x000001cb52e50000,0x000001cb53250000] _byte_map_base: 0x000001cb52a45000

Marking Bits (Prev, Next): (CMBitMap*) 0x000001cb3be618b0, (CMBitMap*) 0x000001cb3be618f0
 Prev Bits: [0x000001cb53650000, 0x000001cb555f8000)
 Next Bits: [0x000001cb55600000, 0x000001cb575a8000)

Polling page: 0x000001cb39d40000

Metaspace:

Usage:
  Non-class:     50.58 MB used.
      Class:      7.73 MB used.
       Both:     58.31 MB used.

Virtual space:
  Non-class space:       64.00 MB reserved,      50.88 MB ( 79%) committed,  1 nodes.
      Class space:        1.00 GB reserved,       8.00 MB ( <1%) committed,  1 nodes.
             Both:        1.06 GB reserved,      58.88 MB (  5%) committed. 

Chunk freelists:
   Non-Class:  816.00 KB
       Class:  3.89 MB
        Both:  4.69 MB

MaxMetaspaceSize: unlimited
CompressedClassSpaceSize: 1.00 GB
Initial GC threshold: 21.00 MB
Current GC threshold: 97.75 MB
CDS: on
MetaspaceReclaimPolicy: balanced
 - commit_granule_bytes: 65536.
 - commit_granule_words: 8192.
 - virtual_space_node_default_size: 8388608.
 - enlarge_chunks_in_place: 1.
 - new_chunks_are_fully_committed: 0.
 - uncommit_free_chunks: 1.
 - use_allocation_guard: 0.


Internal statistics:

num_allocs_failed_limit: 6.
num_arena_births: 722.
num_arena_deaths: 0.
num_vsnodes_births: 2.
num_vsnodes_deaths: 0.
num_space_committed: 942.
num_space_uncommitted: 0.
num_chunks_returned_to_freelist: 6.
num_chunks_taken_from_freelist: 2872.
num_chunk_merges: 3.
num_chunk_splits: 2065.
num_chunks_enlarged: 1687.
num_inconsistent_stats: 0.

CodeHeap 'non-profiled nmethods': size=120000Kb used=3775Kb max_used=3775Kb free=116224Kb
 bounds [0x000001cb4b1f0000, 0x000001cb4b5a0000, 0x000001cb52720000]
CodeHeap 'profiled nmethods': size=120000Kb used=12088Kb max_used=12088Kb free=107911Kb
 bounds [0x000001cb43cc0000, 0x000001cb44890000, 0x000001cb4b1f0000]
CodeHeap 'non-nmethods': size=5760Kb used=1317Kb max_used=1405Kb free=4442Kb
 bounds [0x000001cb43720000, 0x000001cb43990000, 0x000001cb43cc0000]
 total_blobs=6178 nmethods=5541 adapters=549
 compilation: enabled
              stopped_count=0, restarted_count=0
 full_count=0

Compilation events (20 events):
Event: 16.121 Thread 0x000001cb59fbdcd0 6006   !   3       org.apache.tomcat.util.net.NioSelectorPool::getSharedSelector (48 bytes)
Event: 16.122 Thread 0x000001cb59fbdcd0 nmethod 6006 0x000001cb447ffd90 code [0x000001cb447fff60, 0x000001cb44800468]
Event: 16.122 Thread 0x000001cb59fbdcd0 6009       3       java.nio.ByteBuffer::flip (5 bytes)
Event: 16.122 Thread 0x000001cb59fbdcd0 nmethod 6009 0x000001cb44800690 code [0x000001cb44800840, 0x000001cb44800a08]
Event: 16.122 Thread 0x000001cb59fbdcd0 6007   !   3       org.apache.tomcat.util.net.NioSelectorPool::write (267 bytes)
Event: 16.126 Thread 0x000001cb59fbdcd0 nmethod 6007 0x000001cb44800a90 code [0x000001cb44800da0, 0x000001cb44802318]
Event: 16.126 Thread 0x000001cb59fbdcd0 6010       3       java.nio.ByteBuffer::clear (5 bytes)
Event: 16.126 Thread 0x000001cb59fbdcd0 nmethod 6010 0x000001cb44802d90 code [0x000001cb44802f40, 0x000001cb44803108]
Event: 16.126 Thread 0x000001cb59fbdcd0 6008       3       org.apache.tomcat.util.net.NioBlockingSelector$BlockPoller::remove (54 bytes)
Event: 16.128 Thread 0x000001cb59fbdcd0 nmethod 6008 0x000001cb44803190 code [0x000001cb448033a0, 0x000001cb44803b88]
Event: 16.128 Thread 0x000001cb59fbdcd0 6011       3       org.apache.coyote.http11.filters.IdentityOutputFilter::doWrite (131 bytes)
Event: 16.129 Thread 0x000001cb59fbdcd0 nmethod 6011 0x000001cb44803e90 code [0x000001cb448040a0, 0x000001cb44804968]
Event: 16.129 Thread 0x000001cb59fbdcd0 6012       3       sun.nio.ch.SelectorImpl::ensureOpen (16 bytes)
Event: 16.130 Thread 0x000001cb59fbdcd0 nmethod 6012 0x000001cb44804b90 code [0x000001cb44804d40, 0x000001cb44804fc8]
Event: 16.130 Thread 0x000001cb59fbdcd0 6013  s    3       org.apache.tomcat.util.collections.SynchronizedQueue::size (23 bytes)
Event: 16.130 Thread 0x000001cb5f012450 6014       4       ch.qos.logback.classic.Logger::isTraceEnabled (77 bytes)
Event: 16.130 Thread 0x000001cb59fbdcd0 nmethod 6013 0x000001cb44805090 code [0x000001cb44805220, 0x000001cb44805438]
Event: 16.130 Thread 0x000001cb59fbdcd0 6015       3       java.util.EventObject::<init> (24 bytes)
Event: 16.131 Thread 0x000001cb59fbdcd0 nmethod 6015 0x000001cb44805510 code [0x000001cb448056c0, 0x000001cb44805988]
Event: 16.134 Thread 0x000001cb5f012450 nmethod 6014 0x000001cb4b578510 code [0x000001cb4b5786a0, 0x000001cb4b5787e8]

GC Heap History (20 events):
Event: 6.459 GC heap before
{Heap before GC invocations=6 (full 0):
 garbage-first heap   total 51200K, used 17890K [0x0000000081600000, 0x0000000100000000)
  region size 1024K, 5 young (5120K), 4 survivors (4096K)
 Metaspace       used 25956K, committed 26304K, reserved 1114112K
  class space    used 3236K, committed 3392K, reserved 1048576K
}
Event: 6.468 GC heap after
{Heap after GC invocations=7 (full 0):
 garbage-first heap   total 51200K, used 17431K [0x0000000081600000, 0x0000000100000000)
  region size 1024K, 1 young (1024K), 1 survivors (1024K)
 Metaspace       used 25956K, committed 26304K, reserved 1114112K
  class space    used 3236K, committed 3392K, reserved 1048576K
}
Event: 7.276 GC heap before
{Heap before GC invocations=7 (full 0):
 garbage-first heap   total 51200K, used 35863K [0x0000000081600000, 0x0000000100000000)
  region size 1024K, 20 young (20480K), 1 survivors (1024K)
 Metaspace       used 29789K, committed 30208K, reserved 1114112K
  class space    used 3677K, committed 3840K, reserved 1048576K
}
Event: 7.281 GC heap after
{Heap after GC invocations=8 (full 0):
 garbage-first heap   total 51200K, used 18479K [0x0000000081600000, 0x0000000100000000)
  region size 1024K, 2 young (2048K), 2 survivors (2048K)
 Metaspace       used 29789K, committed 30208K, reserved 1114112K
  class space    used 3677K, committed 3840K, reserved 1048576K
}
Event: 8.106 GC heap before
{Heap before GC invocations=8 (full 0):
 garbage-first heap   total 51200K, used 36911K [0x0000000081600000, 0x0000000100000000)
  region size 1024K, 21 young (21504K), 2 survivors (2048K)
 Metaspace       used 34529K, committed 35008K, reserved 1114112K
  class space    used 4250K, committed 4480K, reserved 1048576K
}
Event: 8.112 GC heap after
{Heap after GC invocations=9 (full 0):
 garbage-first heap   total 51200K, used 20116K [0x0000000081600000, 0x0000000100000000)
  region size 1024K, 3 young (3072K), 3 survivors (3072K)
 Metaspace       used 34529K, committed 35008K, reserved 1114112K
  class space    used 4250K, committed 4480K, reserved 1048576K
}
Event: 8.334 GC heap before
{Heap before GC invocations=9 (full 0):
 garbage-first heap   total 51200K, used 24212K [0x0000000081600000, 0x0000000100000000)
  region size 1024K, 8 young (8192K), 3 survivors (3072K)
 Metaspace       used 35678K, committed 36096K, reserved 1114112K
  class space    used 4447K, committed 4672K, reserved 1048576K
}
Event: 8.340 GC heap after
{Heap after GC invocations=10 (full 0):
 garbage-first heap   total 51200K, used 20610K [0x0000000081600000, 0x0000000100000000)
  region size 1024K, 1 young (1024K), 1 survivors (1024K)
 Metaspace       used 35678K, committed 36096K, reserved 1114112K
  class space    used 4447K, committed 4672K, reserved 1048576K
}
Event: 9.220 GC heap before
{Heap before GC invocations=11 (full 0):
 garbage-first heap   total 51200K, used 39042K [0x0000000081600000, 0x0000000100000000)
  region size 1024K, 19 young (19456K), 1 survivors (1024K)
 Metaspace       used 41208K, committed 41664K, reserved 1114112K
  class space    used 5365K, committed 5568K, reserved 1048576K
}
Event: 9.225 GC heap after
{Heap after GC invocations=12 (full 0):
 garbage-first heap   total 51200K, used 21523K [0x0000000081600000, 0x0000000100000000)
  region size 1024K, 2 young (2048K), 2 survivors (2048K)
 Metaspace       used 41208K, committed 41664K, reserved 1114112K
  class space    used 5365K, committed 5568K, reserved 1048576K
}
Event: 10.150 GC heap before
{Heap before GC invocations=12 (full 0):
 garbage-first heap   total 51200K, used 39955K [0x0000000081600000, 0x0000000100000000)
  region size 1024K, 20 young (20480K), 2 survivors (2048K)
 Metaspace       used 46617K, committed 47040K, reserved 1114112K
  class space    used 6203K, committed 6400K, reserved 1048576K
}
Event: 10.156 GC heap after
{Heap after GC invocations=13 (full 0):
 garbage-first heap   total 51200K, used 22485K [0x0000000081600000, 0x0000000100000000)
  region size 1024K, 3 young (3072K), 3 survivors (3072K)
 Metaspace       used 46617K, committed 47040K, reserved 1114112K
  class space    used 6203K, committed 6400K, reserved 1048576K
}
Event: 10.909 GC heap before
{Heap before GC invocations=13 (full 0):
 garbage-first heap   total 51200K, used 39893K [0x0000000081600000, 0x0000000100000000)
  region size 1024K, 21 young (21504K), 3 survivors (3072K)
 Metaspace       used 49765K, committed 50240K, reserved 1114112K
  class space    used 6587K, committed 6848K, reserved 1048576K
}
Event: 10.917 GC heap after
{Heap after GC invocations=14 (full 0):
 garbage-first heap   total 51200K, used 24143K [0x0000000081600000, 0x0000000100000000)
  region size 1024K, 3 young (3072K), 3 survivors (3072K)
 Metaspace       used 49765K, committed 50240K, reserved 1114112K
  class space    used 6587K, committed 6848K, reserved 1048576K
}
Event: 11.663 GC heap before
{Heap before GC invocations=14 (full 0):
 garbage-first heap   total 51200K, used 41551K [0x0000000081600000, 0x0000000100000000)
  region size 1024K, 20 young (20480K), 3 survivors (3072K)
 Metaspace       used 51722K, committed 52288K, reserved 1114112K
  class space    used 6853K, committed 7104K, reserved 1048576K
}
Event: 11.671 GC heap after
{Heap after GC invocations=15 (full 0):
 garbage-first heap   total 51200K, used 25859K [0x0000000081600000, 0x0000000100000000)
  region size 1024K, 2 young (2048K), 2 survivors (2048K)
 Metaspace       used 51722K, committed 52288K, reserved 1114112K
  class space    used 6853K, committed 7104K, reserved 1048576K
}
Event: 12.293 GC heap before
{Heap before GC invocations=15 (full 0):
 garbage-first heap   total 51200K, used 41219K [0x0000000081600000, 0x0000000100000000)
  region size 1024K, 17 young (17408K), 2 survivors (2048K)
 Metaspace       used 53619K, committed 54144K, reserved 1114112K
  class space    used 7122K, committed 7424K, reserved 1048576K
}
Event: 12.299 GC heap after
{Heap after GC invocations=16 (full 0):
 garbage-first heap   total 51200K, used 27584K [0x0000000081600000, 0x0000000100000000)
  region size 1024K, 2 young (2048K), 2 survivors (2048K)
 Metaspace       used 53619K, committed 54144K, reserved 1114112K
  class space    used 7122K, committed 7424K, reserved 1048576K
}
Event: 13.014 GC heap before
{Heap before GC invocations=17 (full 0):
 garbage-first heap   total 51200K, used 40896K [0x0000000081600000, 0x0000000100000000)
  region size 1024K, 15 young (15360K), 2 survivors (2048K)
 Metaspace       used 55880K, committed 56448K, reserved 1114112K
  class space    used 7474K, committed 7744K, reserved 1048576K
}
Event: 13.022 GC heap after
{Heap after GC invocations=18 (full 0):
 garbage-first heap   total 51200K, used 28802K [0x0000000081600000, 0x0000000100000000)
  region size 1024K, 2 young (2048K), 2 survivors (2048K)
 Metaspace       used 55880K, committed 56448K, reserved 1114112K
  class space    used 7474K, committed 7744K, reserved 1048576K
}

Deoptimization events (20 events):
Event: 13.155 Thread 0x000001cb5edfd450 DEOPT PACKING pc=0x000001cb4b524f60 sp=0x0000005d031fc270
Event: 13.156 Thread 0x000001cb5edfd450 DEOPT UNPACKING pc=0x000001cb437723a3 sp=0x0000005d031fc208 mode 2
Event: 13.186 Thread 0x000001cb5edfd450 DEOPT PACKING pc=0x000001cb43d43827 sp=0x0000005d031fd290
Event: 13.186 Thread 0x000001cb5edfd450 DEOPT UNPACKING pc=0x000001cb43772b43 sp=0x0000005d031fc758 mode 0
Event: 13.196 Thread 0x000001cb5edfd450 Uncommon trap: trap_request=0xfffffff4 fr.pc=0x000001cb4b3d68e0 relative=0x0000000000000520
Event: 13.196 Thread 0x000001cb5edfd450 Uncommon trap: reason=null_check action=make_not_entrant pc=0x000001cb4b3d68e0 method=java.util.AbstractCollection.toArray([Ljava/lang/Object;)[Ljava/lang/Object; @ 116 c2
Event: 13.196 Thread 0x000001cb5edfd450 DEOPT PACKING pc=0x000001cb4b3d68e0 sp=0x0000005d031fd8f0
Event: 13.196 Thread 0x000001cb5edfd450 DEOPT UNPACKING pc=0x000001cb437723a3 sp=0x0000005d031fd8b0 mode 2
Event: 13.200 Thread 0x000001cb5edfd450 DEOPT PACKING pc=0x000001cb43d43827 sp=0x0000005d031fd740
Event: 13.200 Thread 0x000001cb5edfd450 DEOPT UNPACKING pc=0x000001cb43772b43 sp=0x0000005d031fcc08 mode 0
Event: 13.203 Thread 0x000001cb5edfd450 DEOPT PACKING pc=0x000001cb43d43827 sp=0x0000005d031fd750
Event: 13.203 Thread 0x000001cb5edfd450 DEOPT UNPACKING pc=0x000001cb43772b43 sp=0x0000005d031fcc18 mode 0
Event: 13.205 Thread 0x000001cb5edfd450 DEOPT PACKING pc=0x000001cb43d43827 sp=0x0000005d031fd740
Event: 13.205 Thread 0x000001cb5edfd450 DEOPT UNPACKING pc=0x000001cb43772b43 sp=0x0000005d031fcc08 mode 0
Event: 13.209 Thread 0x000001cb5edfd450 DEOPT PACKING pc=0x000001cb43d43827 sp=0x0000005d031fd2e0
Event: 13.209 Thread 0x000001cb5edfd450 DEOPT UNPACKING pc=0x000001cb43772b43 sp=0x0000005d031fc7a8 mode 0
Event: 15.981 Thread 0x000001cb608e6ed0 Uncommon trap: trap_request=0xffffff45 fr.pc=0x000001cb4b31705c relative=0x000000000000005c
Event: 15.981 Thread 0x000001cb608e6ed0 Uncommon trap: reason=unstable_if action=reinterpret pc=0x000001cb4b31705c method=java.util.Objects.equals(Ljava/lang/Object;Ljava/lang/Object;)Z @ 6 c2
Event: 15.981 Thread 0x000001cb608e6ed0 DEOPT PACKING pc=0x000001cb4b31705c sp=0x0000005d043fd200
Event: 15.981 Thread 0x000001cb608e6ed0 DEOPT UNPACKING pc=0x000001cb437723a3 sp=0x0000005d043fd1a0 mode 2

Classes loaded (20 events):
Event: 15.863 Loading class sun/nio/cs/ThreadLocalCoders$1
Event: 15.863 Loading class sun/nio/cs/ThreadLocalCoders$Cache
Event: 15.863 Loading class sun/nio/cs/ThreadLocalCoders$Cache done
Event: 15.863 Loading class sun/nio/cs/ThreadLocalCoders$1 done
Event: 15.864 Loading class sun/nio/cs/ThreadLocalCoders$2
Event: 15.864 Loading class sun/nio/cs/ThreadLocalCoders$2 done
Event: 15.980 Loading class java/time/format/DateTimeFormatterBuilder$ZoneTextPrinterParser
Event: 15.980 Loading class java/time/format/DateTimeFormatterBuilder$ZoneTextPrinterParser done
Event: 15.981 Loading class java/time/format/DateTimeFormatterBuilder$ReducedPrinterParser
Event: 15.981 Loading class java/time/format/DateTimeFormatterBuilder$ReducedPrinterParser done
Event: 15.991 Loading class java/nio/StringCharBuffer
Event: 15.991 Loading class java/nio/StringCharBuffer done
Event: 15.993 Loading class sun/nio/cs/ISO_8859_1$Encoder
Event: 15.993 Loading class sun/nio/cs/ISO_8859_1$Encoder done
Event: 15.993 Loading class sun/nio/cs/Surrogate$Parser
Event: 15.993 Loading class sun/nio/cs/Surrogate$Parser done
Event: 15.993 Loading class sun/nio/cs/Surrogate
Event: 15.993 Loading class sun/nio/cs/Surrogate done
Event: 16.029 Loading class java/util/concurrent/locks/ReentrantReadWriteLock$Sync$HoldCounter
Event: 16.030 Loading class java/util/concurrent/locks/ReentrantReadWriteLock$Sync$HoldCounter done

Classes unloaded (0 events):
No events

Classes redefined (0 events):
No events

Internal exceptions (20 events):
Event: 11.567 Thread 0x000001cb5edfd450 Exception <a 'java/lang/NoSuchMethodError'{0x000000008380d760}: 'java.lang.Object java.lang.invoke.Invokers$Holder.linkToTargetMethod(java.lang.Object, java.lang.Object, java.lang.Object, java.lang.Object, java.lang.Object, java.lang.Object, java.lang.Object, java.lang.Object, java.lang.Object)'> (0x000000008380d760) 
thrown [s\open\src\hotspot\share\interpreter\linkResolver.cpp, line 759]
Event: 11.854 Thread 0x000001cb5edfd450 Exception <a 'java/lang/NoSuchMethodError'{0x00000000886339b0}: 'java.lang.Object java.lang.invoke.DirectMethodHandle$Holder.invokeVirtual(java.lang.Object, java.lang.Object, java.lang.Object, java.lang.Object, java.lang.Object, java.lang.Object)'> (0x00000000886339b0) 
thrown [s\open\src\hotspot\share\interpreter\linkResolver.cpp, line 759]
Event: 12.065 Thread 0x000001cb5edfd450 Exception <a 'java/lang/NoSuchMethodError'{0x0000000083ece7c8}: 'void java.lang.invoke.DirectMethodHandle$Holder.invokeVirtual(java.lang.Object, java.lang.Object, long)'> (0x0000000083ece7c8) 
thrown [s\open\src\hotspot\share\interpreter\linkResolver.cpp, line 759]
Event: 12.195 Thread 0x000001cb5edfd450 Exception <a 'java/lang/IncompatibleClassChangeError'{0x0000000083be83f8}: Found class java.lang.Object, but interface was expected> (0x0000000083be83f8) 
thrown [s\open\src\hotspot\share\interpreter\linkResolver.cpp, line 826]
Event: 12.252 Thread 0x000001cb5edfd450 Exception <a 'java/lang/NoSuchMethodError'{0x0000000083940840}: 'int java.lang.invoke.DirectMethodHandle$Holder.invokeStaticInit(java.lang.Object, java.lang.Object, java.lang.Object, java.lang.Object)'> (0x0000000083940840) 
thrown [s\open\src\hotspot\share\interpreter\linkResolver.cpp, line 759]
Event: 12.329 Thread 0x000001cb5edfd450 Exception <a 'java/lang/ClassNotFoundException'{0x0000000089585cd0}: java/lang/ObjectCustomizer> (0x0000000089585cd0) 
thrown [s\open\src\hotspot\share\classfile\systemDictionary.cpp, line 255]
Event: 12.331 Thread 0x000001cb5edfd450 Exception <a 'java/lang/ClassNotFoundException'{0x000000008958d358}: org/springframework/boot/actuate/autoconfigure/metrics/jdbc/DataSourcePoolMetricsAutoConfiguration$HikariDataSourceMetricsConfigurationCustomizer> (0x000000008958d358) 
thrown [s\open\src\hotspot\share\classfile\systemDictionary.cpp, line 255]
Event: 12.341 Thread 0x000001cb5edfd450 Exception <a 'java/lang/ClassNotFoundException'{0x00000000895b2e20}: java/lang/ObjectCustomizer> (0x00000000895b2e20) 
thrown [s\open\src\hotspot\share\classfile\systemDictionary.cpp, line 255]
Event: 12.343 Thread 0x000001cb5edfd450 Exception <a 'java/lang/ClassNotFoundException'{0x00000000895ba5c8}: org/springframework/boot/actuate/autoconfigure/metrics/jdbc/DataSourcePoolMetricsAutoConfiguration$DataSourcePoolMetadataMetricsConfigurationCustomizer> (0x00000000895ba5c8) 
thrown [s\open\src\hotspot\share\classfile\systemDictionary.cpp, line 255]
Event: 12.345 Thread 0x000001cb5edfd450 Exception <a 'java/lang/NoSuchMethodError'{0x00000000895c10c0}: 'void java.lang.invoke.DirectMethodHandle$Holder.invokeVirtual(java.lang.Object, java.lang.Object, java.lang.Object, java.lang.Object, java.lang.Object)'> (0x00000000895c10c0) 
thrown [s\open\src\hotspot\share\interpreter\linkResolver.cpp, line 759]
Event: 12.358 Thread 0x000001cb5edfd450 Exception <a 'java/lang/IncompatibleClassChangeError'{0x0000000088903480}: Found class java.lang.Object, but interface was expected> (0x0000000088903480) 
thrown [s\open\src\hotspot\share\interpreter\linkResolver.cpp, line 826]
Event: 12.524 Thread 0x000001cb5edfd450 Exception <a 'java/lang/NoSuchMethodError'{0x00000000885589d8}: 'java.lang.Object java.lang.invoke.DirectMethodHandle$Holder.invokeSpecial(java.lang.Object, java.lang.Object, int, java.lang.Object, int, java.lang.Object)'> (0x00000000885589d8) 
thrown [s\open\src\hotspot\share\interpreter\linkResolver.cpp, line 759]
Event: 12.526 Thread 0x000001cb5edfd450 Exception <a 'java/lang/NoSuchMethodError'{0x0000000088560a78}: 'java.lang.Object java.lang.invoke.DirectMethodHandle$Holder.newInvokeSpecial(java.lang.Object, java.lang.Object, int, java.lang.Object, int)'> (0x0000000088560a78) 
thrown [s\open\src\hotspot\share\interpreter\linkResolver.cpp, line 759]
Event: 12.526 Thread 0x000001cb5edfd450 Exception <a 'java/lang/NoSuchMethodError'{0x0000000088564b80}: 'java.lang.Object java.lang.invoke.DirectMethodHandle$Holder.invokeSpecial(java.lang.Object, java.lang.Object, java.lang.Object, int, java.lang.Object, int)'> (0x0000000088564b80) 
thrown [s\open\src\hotspot\share\interpreter\linkResolver.cpp, line 759]
Event: 13.002 Thread 0x000001cb5edfd450 Exception <a 'java/lang/ClassNotFoundException'{0x0000000083bc5978}: com/greatlearning/library/entity/LibraryBeanInfo> (0x0000000083bc5978) 
thrown [s\open\src\hotspot\share\classfile\systemDictionary.cpp, line 255]
Event: 13.002 Thread 0x000001cb5edfd450 Exception <a 'java/lang/ClassNotFoundException'{0x0000000083bc7060}: java/lang/ObjectBeanInfo> (0x0000000083bc7060) 
thrown [s\open\src\hotspot\share\classfile\systemDictionary.cpp, line 255]
Event: 13.002 Thread 0x000001cb5edfd450 Exception <a 'java/lang/ClassNotFoundException'{0x0000000083bc86f8}: java/lang/ObjectCustomizer> (0x0000000083bc86f8) 
thrown [s\open\src\hotspot\share\classfile\systemDictionary.cpp, line 255]
Event: 13.004 Thread 0x000001cb5edfd450 Exception <a 'java/lang/ClassNotFoundException'{0x0000000083bcf7a0}: com/greatlearning/library/entity/LibraryCustomizer> (0x0000000083bcf7a0) 
thrown [s\open\src\hotspot\share\classfile\systemDictionary.cpp, line 255]
Event: 13.146 Thread 0x000001cb5edfd450 Exception <a 'java/lang/IncompatibleClassChangeError'{0x0000000088988510}: Found class java.lang.Object, but interface was expected> (0x0000000088988510) 
thrown [s\open\src\hotspot\share\interpreter\linkResolver.cpp, line 826]
Event: 13.196 Thread 0x000001cb5edfd450 Implicit null exception at 0x000001cb4b3d6631 to 0x000001cb4b3d68d4

VM Operations (20 events):
Event: 13.013 Executing VM operation: HandshakeAllThreads
Event: 13.014 Executing VM operation: HandshakeAllThreads done
Event: 13.014 Executing VM operation: G1CollectForAllocation
Event: 13.022 Executing VM operation: G1CollectForAllocation done
Event: 13.116 Executing VM operation: HandshakeAllThreads
Event: 13.116 Executing VM operation: HandshakeAllThreads done
Event: 13.116 Executing VM operation: HandshakeAllThreads
Event: 13.116 Executing VM operation: HandshakeAllThreads done
Event: 14.123 Executing VM operation: Cleanup
Event: 14.123 Executing VM operation: Cleanup done
Event: 15.881 Executing VM operation: HandshakeAllThreads
Event: 15.881 Executing VM operation: HandshakeAllThreads done
Event: 15.927 Executing VM operation: HandshakeAllThreads
Event: 15.928 Executing VM operation: HandshakeAllThreads done
Event: 15.928 Executing VM operation: Cleanup
Event: 15.928 Executing VM operation: Cleanup done
Event: 15.992 Executing VM operation: HandshakeAllThreads
Event: 15.992 Executing VM operation: HandshakeAllThreads done
Event: 15.993 Executing VM operation: HandshakeAllThreads
Event: 15.993 Executing VM operation: HandshakeAllThreads done

Events (20 events):
Event: 12.566 Thread 0x000001cb608e86e0 Thread added: 0x000001cb608e86e0
Event: 12.566 Thread 0x000001cb608ec570 Thread added: 0x000001cb608ec570
Event: 12.567 Thread 0x000001cb608e73a0 Thread added: 0x000001cb608e73a0
Event: 12.567 Thread 0x000001cb608ead60 Thread added: 0x000001cb608ead60
Event: 12.567 Thread 0x000001cb608e9ef0 Thread added: 0x000001cb608e9ef0
Event: 12.567 Thread 0x000001cb608ea3c0 Thread added: 0x000001cb608ea3c0
Event: 12.568 Thread 0x000001cb608ed3e0 Thread added: 0x000001cb608ed3e0
Event: 12.568 Thread 0x000001cb608eb230 Thread added: 0x000001cb608eb230
Event: 12.568 Thread 0x000001cb608ea890 Thread added: 0x000001cb608ea890
Event: 12.568 Thread 0x000001cb5f675e00 Thread exited: 0x000001cb5f675e00
Event: 12.573 Thread 0x000001cb608eb700 Thread added: 0x000001cb608eb700
Event: 12.575 Thread 0x000001cb608ecf10 Thread added: 0x000001cb608ecf10
Event: 13.124 Thread 0x000001cb59fc71d0 flushing nmethod 0x000001cb43e9ff10
Event: 13.239 Thread 0x000001cb5edfd450 Thread exited: 0x000001cb5edfd450
Event: 13.243 Thread 0x000001cb5eafd6c0 Thread exited: 0x000001cb5eafd6c0
Event: 13.244 Thread 0x000001cb3bdffcd0 Thread exited: 0x000001cb3bdffcd0
Event: 13.244 Thread 0x000001cb608e7870 Thread added: 0x000001cb608e7870
Event: 13.509 Thread 0x000001cb5edb2f80 Thread exited: 0x000001cb5edb2f80
Event: 14.128 Thread 0x000001cb5e5699f0 Thread exited: 0x000001cb5e5699f0
Event: 15.923 Thread 0x000001cb5f012450 Thread added: 0x000001cb5f012450


Dynamic libraries:
0x00007ff72a980000 - 0x00007ff72a990000 	C:\Program Files\Java\jdk-18.0.2\bin\javaw.exe
0x00007ffc9b510000 - 0x00007ffc9b724000 	C:\WINDOWS\SYSTEM32\ntdll.dll
0x00007ffc9a4f0000 - 0x00007ffc9a5b2000 	C:\WINDOWS\System32\KERNEL32.DLL
0x00007ffc98b30000 - 0x00007ffc98ecd000 	C:\WINDOWS\System32\KERNELBASE.dll
0x00007ffc98a10000 - 0x00007ffc98b21000 	C:\WINDOWS\System32\ucrtbase.dll
0x00007ffc85d20000 - 0x00007ffc85d3a000 	C:\Program Files\Java\jdk-18.0.2\bin\VCRUNTIME140.dll
0x00007ffc85d40000 - 0x00007ffc85d58000 	C:\Program Files\Java\jdk-18.0.2\bin\jli.dll
0x00007ffc9af70000 - 0x00007ffc9b01e000 	C:\WINDOWS\System32\ADVAPI32.dll
0x00007ffc99540000 - 0x00007ffc995e7000 	C:\WINDOWS\System32\msvcrt.dll
0x00007ffc99330000 - 0x00007ffc993d4000 	C:\WINDOWS\System32\sechost.dll
0x00007ffc9b210000 - 0x00007ffc9b325000 	C:\WINDOWS\System32\RPCRT4.dll
0x00007ffc9aaf0000 - 0x00007ffc9ac9a000 	C:\WINDOWS\System32\USER32.dll
0x00007ffc989e0000 - 0x00007ffc98a06000 	C:\WINDOWS\System32\win32u.dll
0x00007ffc857e0000 - 0x00007ffc85a6e000 	C:\WINDOWS\WinSxS\amd64_microsoft.windows.common-controls_6595b64144ccf1df_6.0.22621.608_none_a9444ca7c10bb01d\COMCTL32.dll
0x00007ffc9a010000 - 0x00007ffc9a039000 	C:\WINDOWS\System32\GDI32.dll
0x00007ffc98ed0000 - 0x00007ffc98fe2000 	C:\WINDOWS\System32\gdi32full.dll
0x00007ffc98940000 - 0x00007ffc989da000 	C:\WINDOWS\System32\msvcp_win.dll
0x00007ffc91e50000 - 0x00007ffc91e5a000 	C:\WINDOWS\SYSTEM32\VERSION.dll
0x00007ffc9aa40000 - 0x00007ffc9aa72000 	C:\WINDOWS\System32\IMM32.DLL
0x00007ffc94f60000 - 0x00007ffc94f6c000 	C:\Program Files\Java\jdk-18.0.2\bin\vcruntime140_1.dll
0x00007ffc6e4d0000 - 0x00007ffc6e55d000 	C:\Program Files\Java\jdk-18.0.2\bin\msvcp140.dll
0x00007ffc44bb0000 - 0x00007ffc457c1000 	C:\Program Files\Java\jdk-18.0.2\bin\server\jvm.dll
0x00007ffc9a040000 - 0x00007ffc9a048000 	C:\WINDOWS\System32\PSAPI.DLL
0x00007ffc94690000 - 0x00007ffc94699000 	C:\WINDOWS\SYSTEM32\WSOCK32.dll
0x00007ffc91e80000 - 0x00007ffc91eb4000 	C:\WINDOWS\SYSTEM32\WINMM.dll
0x00007ffc99dd0000 - 0x00007ffc99e41000 	C:\WINDOWS\System32\WS2_32.dll
0x00007ffc979b0000 - 0x00007ffc979c8000 	C:\WINDOWS\SYSTEM32\kernel.appcore.dll
0x00007ffc8c9f0000 - 0x00007ffc8c9fa000 	C:\Program Files\Java\jdk-18.0.2\bin\jimage.dll
0x00007ffc96730000 - 0x00007ffc9695e000 	C:\WINDOWS\SYSTEM32\DBGHELP.DLL
0x00007ffc9a050000 - 0x00007ffc9a3da000 	C:\WINDOWS\System32\combase.dll
0x00007ffc9b130000 - 0x00007ffc9b207000 	C:\WINDOWS\System32\OLEAUT32.dll
0x00007ffc857a0000 - 0x00007ffc857d2000 	C:\WINDOWS\SYSTEM32\dbgcore.DLL
0x00007ffc990b0000 - 0x00007ffc9912b000 	C:\WINDOWS\System32\bcryptPrimitives.dll
0x00007ffc84fc0000 - 0x00007ffc84fe5000 	C:\Program Files\Java\jdk-18.0.2\bin\java.dll
0x00007ffc6a930000 - 0x00007ffc6aa06000 	C:\Program Files\Java\jdk-18.0.2\bin\jsvml.dll
0x00007ffc995f0000 - 0x00007ffc99dd0000 	C:\WINDOWS\System32\SHELL32.dll
0x00007ffc96970000 - 0x00007ffc97235000 	C:\WINDOWS\SYSTEM32\windows.storage.dll
0x00007ffc965f0000 - 0x00007ffc9672e000 	C:\WINDOWS\SYSTEM32\wintypes.dll
0x00007ffc9b020000 - 0x00007ffc9b111000 	C:\WINDOWS\System32\SHCORE.dll
0x00007ffc994e0000 - 0x00007ffc9953e000 	C:\WINDOWS\System32\shlwapi.dll
0x00007ffc98870000 - 0x00007ffc98891000 	C:\WINDOWS\SYSTEM32\profapi.dll
0x00007ffc84fa0000 - 0x00007ffc84fb3000 	C:\Program Files\Java\jdk-18.0.2\bin\net.dll
0x00007ffc91c80000 - 0x00007ffc91daf000 	C:\WINDOWS\SYSTEM32\WINHTTP.dll
0x00007ffc97e10000 - 0x00007ffc97e79000 	C:\WINDOWS\system32\mswsock.dll
0x00007ffc84f80000 - 0x00007ffc84f96000 	C:\Program Files\Java\jdk-18.0.2\bin\nio.dll
0x00007ffc85d00000 - 0x00007ffc85d18000 	C:\Program Files\Java\jdk-18.0.2\bin\zip.dll
0x00007ffc8c890000 - 0x00007ffc8c8a0000 	C:\Program Files\Java\jdk-18.0.2\bin\verify.dll
0x00007ffc94ff0000 - 0x00007ffc94ff9000 	C:\Program Files\Java\jdk-18.0.2\bin\management.dll
0x00007ffc94fe0000 - 0x00007ffc94feb000 	C:\Program Files\Java\jdk-18.0.2\bin\management_ext.dll
0x00007ffc85070000 - 0x00007ffc85087000 	C:\WINDOWS\system32\napinsp.dll
0x00007ffc920a0000 - 0x00007ffc920bb000 	C:\WINDOWS\system32\pnrpnsp.dll
0x00007ffc97510000 - 0x00007ffc97602000 	C:\WINDOWS\SYSTEM32\DNSAPI.dll
0x00007ffc974a0000 - 0x00007ffc974cd000 	C:\WINDOWS\SYSTEM32\IPHLPAPI.DLL
0x00007ffc9ae60000 - 0x00007ffc9ae69000 	C:\WINDOWS\System32\NSI.dll
0x00007ffc85020000 - 0x00007ffc85031000 	C:\WINDOWS\System32\winrnr.dll
0x00007ffc83af0000 - 0x00007ffc83b05000 	C:\WINDOWS\system32\wshbth.dll
0x00007ffc83ac0000 - 0x00007ffc83ae1000 	C:\WINDOWS\system32\nlansp_c.dll
0x00007ffc8ccd0000 - 0x00007ffc8ccda000 	C:\Windows\System32\rasadhlp.dll
0x00007ffc90f80000 - 0x00007ffc91003000 	C:\WINDOWS\System32\fwpuclnt.dll
0x00007ffc98050000 - 0x00007ffc9806b000 	C:\WINDOWS\SYSTEM32\CRYPTSP.dll
0x00007ffc97920000 - 0x00007ffc97955000 	C:\WINDOWS\system32\rsaenh.dll
0x00007ffc97f00000 - 0x00007ffc97f28000 	C:\WINDOWS\SYSTEM32\USERENV.dll
0x00007ffc981f0000 - 0x00007ffc98218000 	C:\WINDOWS\SYSTEM32\bcrypt.dll
0x00007ffc98070000 - 0x00007ffc9807c000 	C:\WINDOWS\SYSTEM32\CRYPTBASE.dll
0x00007ffc91b50000 - 0x00007ffc91b69000 	C:\WINDOWS\SYSTEM32\dhcpcsvc6.DLL
0x00007ffc91b30000 - 0x00007ffc91b4f000 	C:\WINDOWS\SYSTEM32\dhcpcsvc.DLL

dbghelp: loaded successfully - version: 4.0.5 - missing functions: none
symbol engine: initialized successfully - sym options: 0x614 - pdb path: .;C:\Program Files\Java\jdk-18.0.2\bin;C:\WINDOWS\SYSTEM32;C:\WINDOWS\WinSxS\amd64_microsoft.windows.common-controls_6595b64144ccf1df_6.0.22621.608_none_a9444ca7c10bb01d;C:\Program Files\Java\jdk-18.0.2\bin\server

VM Arguments:
jvm_args: -Dfile.encoding=UTF-8 -XX:+ShowCodeDetailsInExceptionMessages 
java_command: com.greatlearning.library.SpringBootLibraryDesignApplication
java_class_path (initial): D:\spring-boot-library-design\target\classes;C:\Users\Sindhuri Pataballa\.m2\repository\org\springframework\boot\spring-boot-starter-data-jpa\2.4.2\spring-boot-starter-data-jpa-2.4.2.jar;C:\Users\Sindhuri Pataballa\.m2\repository\org\springframework\boot\spring-boot-starter-aop\2.4.2\spring-boot-starter-aop-2.4.2.jar;C:\Users\Sindhuri Pataballa\.m2\repository\org\springframework\spring-aop\5.3.3\spring-aop-5.3.3.jar;C:\Users\Sindhuri Pataballa\.m2\repository\org\aspectj\aspectjweaver\1.9.6\aspectjweaver-1.9.6.jar;C:\Users\Sindhuri Pataballa\.m2\repository\org\springframework\boot\spring-boot-starter-jdbc\2.4.2\spring-boot-starter-jdbc-2.4.2.jar;C:\Users\Sindhuri Pataballa\.m2\repository\com\zaxxer\HikariCP\3.4.5\HikariCP-3.4.5.jar;C:\Users\Sindhuri Pataballa\.m2\repository\org\springframework\spring-jdbc\5.3.3\spring-jdbc-5.3.3.jar;C:\Users\Sindhuri Pataballa\.m2\repository\jakarta\transaction\jakarta.transaction-api\1.3.3\jakarta.transaction-api-1.3.3.jar;C:\Users\Sindhuri Pataballa\.m2\repository\jakarta\persistence\jakarta.persistence-api\2.2.3\jakarta.persistence-api-2.2.3.jar;C:\Users\Sindhuri Pataballa\.m2\repository\org\hibernate\hibernate-core\5.4.27.Final\hibernate-core-5.4.27.Final.jar;C:\Users\Sindhuri Pataballa\.m2\repository\org\jboss\logging\jboss-logging\3.4.1.Final\jboss-logging-3.4.1.Final.jar;C:\Users\Sindhuri Pataballa\.m2\repository\org\javassist\javassist\3.27.0-GA\javassist-3.27.0-GA.jar;C:\Users\Sindhuri Pataballa\.m2\repository\net\bytebuddy\byte-buddy\1.10.19\byte-buddy-1.10.19.jar;C:\Users\Sindhuri Pataballa\.m2\repository\antlr\antlr\2.7.7\antlr-2.7.7.jar;C:\Users\Sindhuri Pataballa\.m2\repository\org\jboss\jandex\2.1.3.Final\jandex-2.1.3.Final.jar;C:\Users\Sindhuri Pataballa\.m2\repository\org\dom4j\dom4j\2.1.3\dom4j-2.1.3.jar;C:\Users\Sindhuri Pataballa\.m2\repository\org\hibernate\common\hibernate-commons-annotations\5.1.2.Final\hibernate-commons-annotations-5.1.2.Final.jar;C:\Users\Sindhuri Pataballa\.m2\repository\org\glassfish\jaxb\jaxb-runtime\2.3.3\jaxb-runtime-2.3.3.jar;C:\Users\Sindhuri Pataballa\.m2\repository\org\glassfish\jaxb\txw2\2.3.3\txw2-2.3.3.jar;C:\Users\Sindhuri Pataballa\.m2\repository\com\sun\istack\istack-commons-runtime\3.0.11\istack-commons-runtime-3.0.11.jar;C:\Users\Sindhuri Pataballa\.m2\repository\com\sun\activation\jakarta.activation\1.2.2\jakarta.activation-1.2.2.jar;C:\Users\Sindhuri Pataballa\.m2\repository\org\springframework\data\spring-data-jpa\2.4.3\spring-data-jpa-2.4.3.jar;C:\Users\Sindhuri Pataballa\.m2\repository\org\springframework\data\spring-data-commons\2.4.3\spring-data-commons-2.4.3.jar;C:\Users\Sindhuri Pataballa\.m2\repository\org\springframework\spring-orm\5.3.3\spring-orm-5.3.3.jar;C:\Users\Sindhuri Pataballa\.m2\repository\org\springframework\spring-context\5.3.3\spring-context-5.3.3.jar;C:\Users\Sindhuri Pataballa\.m2\repository\org\springframework\spring-tx\5.3.3\spring-tx-5.3.3.jar;C:\Users\Sindhuri Pataballa\.m2\repository\org\springframework\spring-beans\5.3.3\spring-beans-5.3.3.jar;C:\Users\Sindhuri Pataballa\.m2\repository\org\springframework\spring-aspects\5.3.3\spring-aspects-5.3.3.jar;C:\Users\Sindhuri Pataballa\.m2\repository\org\springframework\boot\spring-boot-starter-web\2.4.2\spring-boot-starter-web-2.4.2.jar;C:\Users\Sindhuri Pataballa\.m2\repository\org\springframework\boot\spring-boot-starter\2.4.2\spring-boot-starter-2.4.2.jar;C:\Users\Sindhuri Pataballa\.m2\repository\org\springframework\boot\spring-boot-starter-logging\2.4.2\spring-boot-starter-logging-2.4.2.jar;C:\Users\Sindhuri Pataballa\.m2\repository\ch\qos\logback\logback-classic\1.2.3\logback-classic-1.2.3.jar;C:\Users\Sindhuri Pataballa\.m2\repository\ch\qos\logback\logback-core\1.2.3\logback-core-1.2.3.jar;C:\Users\Sindhuri Pataballa\.m2\repository\org\apache\logging\log4j\log4j-to-slf4j\2.13.3\log4j-to-slf4j-2.13.3.jar;C:\Users\Sindhuri Pataballa\.m2\repository\org\apache\logging\log4j\log4j-api\2.13.3\log4j-api-2.13.3.jar;C:\Users\Sindhuri Pataballa\.m2\repository\org\slf4j\jul-to-slf4j\1.7.30\jul-to-slf4j-1.7.30.jar;C:\Users\Sindhuri Pataballa\.m2\repository\jakarta\annotation\jakarta.annotation-api\1.3.5\jakarta.annotation-api-1.3.5.jar;C:\Users\Sindhuri Pataballa\.m2\repository\org\yaml\snakeyaml\1.27\snakeyaml-1.27.jar;C:\Users\Sindhuri Pataballa\.m2\repository\org\springframework\boot\spring-boot-starter-json\2.4.2\spring-boot-starter-json-2.4.2.jar;C:\Users\Sindhuri Pataballa\.m2\repository\com\fasterxml\jackson\core\jackson-databind\2.11.4\jackson-databind-2.11.4.jar;C:\Users\Sindhuri Pataballa\.m2\repository\com\fasterxml\jackson\core\jackson-core\2.11.4\jackson-core-2.11.4.jar;C:\Users\Sindhuri Pataballa\.m2\repository\com\fasterxml\jackson\datatype\jackson-datatype-jdk8\2.11.4\jackson-datatype-jdk8-2.11.4.jar;C:\Users\Sindhuri Pataballa\.m2\repository\com\fasterxml\jackson\datatype\jackson-datatype-jsr310\2.11.4\jackson-datatype-jsr310-2.11.4.jar;C:\Users\Sindhuri Pataballa\.m2\repository\com\fasterxml\jackson\module\jackson-module-parameter-names\2.11.4\jackson-module-parameter-names-2.11.4.jar;C:\Users\Sindhuri Pataballa\.m2\repository\org\springframework\boot\spring-boot-starter-tomcat\2.4.2\spring-boot-starter-tomcat-2.4.2.jar;C:\Users\Sindhuri Pataballa\.m2\repository\org\apache\tomcat\embed\tomcat-embed-core\9.0.41\tomcat-embed-core-9.0.41.jar;C:\Users\Sindhuri Pataballa\.m2\repository\org\glassfish\jakarta.el\3.0.3\jakarta.el-3.0.3.jar;C:\Users\Sindhuri Pataballa\.m2\repository\org\apache\tomcat\embed\tomcat-embed-websocket\9.0.41\tomcat-embed-websocket-9.0.41.jar;C:\Users\Sindhuri Pataballa\.m2\repository\org\springframework\spring-web\5.3.3\spring-web-5.3.3.jar;C:\Users\Sindhuri Pataballa\.m2\repository\org\springframework\spring-webmvc\5.3.3\spring-webmvc-5.3.3.jar;C:\Users\Sindhuri Pataballa\.m2\repository\org\springframework\spring-expression\5.3.3\spring-expression-5.3.3.jar;C:\Users\Sindhuri Pataballa\.m2\repository\com\h2database\h2\1.4.200\h2-1.4.200.jar;C:\Users\Sindhuri Pataballa\.m2\repository\jakarta\xml\bind\jakarta.xml.bind-api\2.3.3\jakarta.xml.bind-api-2.3.3.jar;C:\Users\Sindhuri Pataballa\.m2\repository\jakarta\activation\jakarta.activation-api\1.2.2\jakarta.activation-api-1.2.2.jar;C:\Users\Sindhuri Pataballa\.m2\repository\org\springframework\spring-core\5.3.3\spring-core-5.3.3.jar;C:\Users\Sindhuri Pataballa\.m2\repository\org\springframework\spring-jcl\5.3.3\spring-jcl-5.3.3.jar;C:\Users\Sindhuri Pataballa\.m2\repository\org\springframework\boot\spring-boot-devtools\2.4.2\spring-boot-devtools-2.4.2.jar;C:\Users\Sindhuri Pataballa\.m2\repository\org\springframework\boot\spring-boot\2.4.2\spring-boot-2.4.2.jar;C:\Users\Sindhuri Pataballa\.m2\repository\org\springframework\boot\spring-boot-autoconfigure\2.4.2\spring-boot-autoconfigure-2.4.2.jar;C:\Users\Sindhuri Pataballa\.m2\repository\org\springframework\boot\spring-boot-starter-actuator\2.4.2\spring-boot-starter-actuator-2.4.2.jar;C:\Users\Sindhuri Pataballa\.m2\repository\org\springframework\boot\spring-boot-actuator-autoconfigure\2.4.2\spring-boot-actuator-autoconfigure-2.4.2.jar;C:\Users\Sindhuri Pataballa\.m2\repository\org\springframework\boot\spring-boot-actuator\2.4.2\spring-boot-actuator-2.4.2.jar;C:\Users\Sindhuri Pataballa\.m2\repository\io\micrometer\micrometer-core\1.6.3\micrometer-core-1.6.3.jar;C:\Users\Sindhuri Pataballa\.m2\repository\org\hdrhistogram\HdrHistogram\2.1.12\HdrHistogram-2.1.12.jar;C:\Users\Sindhuri Pataballa\.m2\repository\org\latencyutils\LatencyUtils\2.0.3\LatencyUtils-2.0.3.jar;C:\Users\Sindhuri Pataballa\.m2\repository\org\projectlombok\lombok\1.18.16\lombok-1.18.16.jar;C:\Users\Sindhuri Pataballa\.m2\repository\io\springfox\springfox-swagger2\2.9.2\springfox-swagger2-2.9.2.jar;C:\Users\Sindhuri Pataballa\.m2\repository\io\swagger\swagger-annotations\1.5.20\swagger-annotations-1.5.20.jar;C:\Users\Sindhuri Pataballa\.m2\repository\io\swagger\swagger-models\1.5.20\swagger-models-1.5.20.jar;C:\Users\Sindhuri Pataballa\.m2\repository\com\fasterxml\jackson\core\jackson-annotations\2.11.4\jackson-annotations-2.11.4.jar;C:\Users\Sindhuri Pataballa\.m2\repository\io\springfox\springfox-spi\2.9.2\springfox-spi-2.9.2.jar;C:\Users\Sindhuri Pataballa\.m2\repository\io\springfox\springfox-core\2.9.2\springfox-core-2.9.2.jar;C:\Users\Sindhuri Pataballa\.m2\repository\io\springfox\springfox-schema\2.9.2\springfox-schema-2.9.2.jar;C:\Users\Sindhuri Pataballa\.m2\repository\io\springfox\springfox-swagger-common\2.9.2\springfox-swagger-common-2.9.2.jar;C:\Users\Sindhuri Pataballa\.m2\repository\io\springfox\springfox-spring-web\2.9.2\springfox-spring-web-2.9.2.jar;C:\Users\Sindhuri Pataballa\.m2\repository\com\google\guava\guava\20.0\guava-20.0.jar;C:\Users\Sindhuri Pataballa\.m2\repository\com\fasterxml\classmate\1.5.1\classmate-1.5.1.jar;C:\Users\Sindhuri Pataballa\.m2\repository\org\slf4j\slf4j-api\1.7.30\slf4j-api-1.7.30.jar;C:\Users\Sindhuri Pataballa\.m2\repository\org\springframework\plugin\spring-plugin-core\1.2.0.RELEASE\spring-plugin-core-1.2.0.RELEASE.jar;C:\Users\Sindhuri Pataballa\.m2\repository\org\springframework\plugin\spring-plugin-metadata\1.2.0.RELEASE\spring-plugin-metadata-1.2.0.RELEASE.jar;C:\Users\Sindhuri Pataballa\.m2\repository\org\mapstruct\mapstruct\1.2.0.Final\mapstruct-1.2.0.Final.jar;C:\Users\Sindhuri Pataballa\.m2\repository\io\springfox\springfox-swagger-ui\2.9.2\springfox-swagger-ui-2.9.2.jar
Launcher Type: SUN_STANDARD

[Global flags]
     intx CICompilerCount                          = 4                                         {product} {ergonomic}
     uint ConcGCThreads                            = 2                                         {product} {ergonomic}
     uint G1ConcRefinementThreads                  = 8                                         {product} {ergonomic}
   size_t G1HeapRegionSize                         = 1048576                                   {product} {ergonomic}
    uintx GCDrainStackTargetSize                   = 64                                        {product} {ergonomic}
   size_t InitialHeapSize                          = 134217728                                 {product} {ergonomic}
   size_t MarkStackSize                            = 4194304                                   {product} {ergonomic}
   size_t MaxHeapSize                              = 2124414976                                {product} {ergonomic}
   size_t MaxNewSize                               = 1274019840                                {product} {ergonomic}
   size_t MinHeapDeltaBytes                        = 1048576                                   {product} {ergonomic}
   size_t MinHeapSize                              = 8388608                                   {product} {ergonomic}
    uintx NonNMethodCodeHeapSize                   = 5839372                                {pd product} {ergonomic}
    uintx NonProfiledCodeHeapSize                  = 122909434                              {pd product} {ergonomic}
    uintx ProfiledCodeHeapSize                     = 122909434                              {pd product} {ergonomic}
    uintx ReservedCodeCacheSize                    = 251658240                              {pd product} {ergonomic}
     bool SegmentedCodeCache                       = true                                      {product} {ergonomic}
     bool ShowCodeDetailsInExceptionMessages       = true                                   {manageable} {command line}
   size_t SoftMaxHeapSize                          = 2124414976                             {manageable} {ergonomic}
     bool UseCompressedClassPointers               = true                           {product lp64_product} {ergonomic}
     bool UseCompressedOops                        = true                           {product lp64_product} {ergonomic}
     bool UseG1GC                                  = true                                      {product} {ergonomic}
     bool UseLargePagesIndividualAllocation        = false                                  {pd product} {ergonomic}

Logging:
Log output configuration:
 #0: stdout all=warning uptime,level,tags foldmultilines=false
 #1: stderr all=off uptime,level,tags foldmultilines=false

Environment Variables:
JAVA_HOME=C:\Program Files\Java\jdk-16.0.1
PATH=C:\Program Files\Common Files\Oracle\Java\javapath;C:\Program Files (x86)\Common Files\Oracle\Java\javapath;"C:\Program Files\Common Files\Oracle\Java\javapath;C:\Program Files\Java\jdk-16.0.1\bin;C:\Program Files\Java\jre-9.0.4\bin";E:\app\SindhuriPataballa\product\11.2.0\dbhome_1\bin;C:\Program Files (x86)\Intel\iCLS Client\;C:\Program Files\Intel\iCLS Client\;C:\Windows\system32;C:\Windows;C:\Windows\System32\Wbem;C:\Windows\System32\WindowsPowerShell\v1.0\;C:\Windows\System32\OpenSSH\;C:\Program Files (x86)\Intel\Intel(R) Management Engine Components\DAL;C:\Program Files\Intel\Intel(R) Management Engine Components\DAL;C:\Program Files (x86)\Intel\Intel(R) Management Engine Components\IPT;C:\Program Files\Intel\Intel(R) Management Engine Components\IPT;C:\Program Files (x86)\NVIDIA Corporation\PhysX\Common;C:\Program Files (x86)\Geany CP\bin\;C:\WINDOWS\system32;C:\WINDOWS;C:\WINDOWS\System32\Wbem;C:\WINDOWS\System32\WindowsPowerShell\v1.0\;C:\WINDOWS\System32\OpenSSH\;C:\Program Files (x86)\Geany CP\bin;c:\Xilinx\bin\nt;C:\Program Files\dotnet\;C:\Program Files\Microsoft SQL Server\Client SDK\ODBC\170\Tools\Binn\;C:\Program Files (x86)\Microsoft SQL Server\150\DTS\Binn\;C:\Program Files\Azure Data Studio\bin;C:\Program Files\Microsoft SQL Server\150\Tools\Binn\;C:\Program Files (x86)\Microsoft SQL Server\150\Tools\Binn\;C:\Program Files\Microsoft SQL Server\150\DTS\Binn\;C:\WINDOWS\system32;C:\WINDOWS;C:\WINDOWS\System32\Wbem;C:\WINDOWS\System32\WindowsPowerShell\v1.0\;C:\WINDOWS\System32\OpenSSH\;C:\Program Files\Java\jdk-18.0.2\bin;C:\Program Files\Git\cmd;C:\Program Files\Microsoft SQL Server\130\Tools\Binn\;C:\Program Files\MySQL\MySQL Shell 8.0\bin\;C:\Users\Sindhuri Pataballa\anaconda3;C:\Users\Sindhuri Pataballa\anaconda3\Library\mingw-w64\bin;C:\Users\Sindhuri Pataballa\anaconda3\Library\usr\bin;C:\Users\Sindhuri Pataballa\anaconda3\Library\bin;C:\Users\Sindhuri Pataballa\anaconda3\Scripts;C:\Users\Sindhuri Pataballa\AppData\Local\Microsoft\WindowsApps;C:\Users\Sindhuri Pataballa\AppData\Local\atom\bin;C:\Users\Sindhuri Pataballa\AppData\Local\Microsoft\WindowsApps;C:\Program Files\Azure Data Studio\bin;C:\Users\Sindhuri Pataballa\.dotnet\tools
USERNAME=Sindhuri Pataballa
OS=Windows_NT
PROCESSOR_IDENTIFIER=Intel64 Family 6 Model 142 Stepping 10, GenuineIntel



---------------  S Y S T E M  ---------------

OS:
 Windows 11 , 64 bit Build 22621 (10.0.22621.755)
OS uptime: 0 days 0:29 hours

CPU: total 8 (initial active 8) (4 cores per cpu, 2 threads per core) family 6 model 142 stepping 10 microcode 0xea, cx8, cmov, fxsr, ht, mmx, 3dnowpref, sse, sse2, sse3, ssse3, sse4.1, sse4.2, popcnt, lzcnt, tsc, tscinvbit, avx, avx2, aes, erms, clmul, bmi1, bmi2, adx, fma, vzeroupper, clflush, clflushopt

Memory: 4k page, system-wide physical 8101M (2727M free)
TotalPageFile size 11941M (AvailPageFile size 4275M)
current process WorkingSet (physical memory assigned to process): 223M, peak: 252M
current process commit charge ("private bytes"): 317M, peak: 317M

vm_info: Java HotSpot(TM) 64-Bit Server VM (18.0.2+9-61) for windows-amd64 JRE (18.0.2+9-61), built on Jun  7 2022 13:09:01 by "mach5one" with MS VC++ 16.8 / 16.9 (VS2019)

END.
